Arguments: 
  C:\Program Files\nodejs\node.exe C:\Users\ishteaque.kaiser\AppData\Roaming\npm\node_modules\yarn\bin\yarn.js add express nodemon mongoose

PATH: 
  C:\Program Files (x86)\Intel\iCLS Client\;C:\Program Files\Intel\iCLS Client\;C:\Windows\system32;C:\Windows;C:\Windows\System32\Wbem;C:\Windows\System32\WindowsPowerShell\v1.0\;C:\Program Files (x86)\Intel\Intel(R) Management Engine Components\DAL;C:\Program Files\Intel\Intel(R) Management Engine Components\DAL;C:\Program Files (x86)\Intel\Intel(R) Management Engine Components\IPT;C:\Program Files\Intel\Intel(R) Management Engine Components\IPT;C:\Program Files\Intel\WiFi\bin\;C:\Program Files\Common Files\Intel\WirelessCommon\;C:\Program Files\nodejs\;C:\Program Files\MongoDB\Server\5.0\bin\;E:\xampp\php;E:\Vim\vim82;C:\ProgramData\ComposerSetup\bin;C:\Users\ishteaque.kaiser\AppData\Local\Programs\Git\cmd;C:\Users\ishteaque.kaiser\AppData\Roaming\npm;C:\Users\ishteaque.kaiser\AppData\Local\Programs\Microsoft VS Code\bin

Yarn version: 
  1.22.17

Node version: 
  17.2.0

Platform: 
  win32 x64

Trace: 
  Error: getaddrinfo ENOTFOUND registry.yarnpkg.com
      at GetAddrInfoReqWrap.onlookup [as oncomplete] (node:dns:72:26)

npm manifest: 
  {
    "name": "api",
    "version": "1.0.0",
    "description": "",
    "main": "index.js",
    "scripts": {
      "test": "echo \"Error: no test specified\" && exit 1"
    },
    "author": "",
    "license": "ISC"
  }

yarn manifest: 
  No manifest

Lockfile: 
  No lockfile
